<?xml version="1.0" encoding="UTF-8"?>
<testsuite xmlns:xsi="http://www.w3.org/2001/XMLSchema-instance" xsi:noNamespaceSchemaLocation="https://maven.apache.org/surefire/maven-surefire-plugin/xsd/surefire-test-report-3.0.xsd" version="3.0" name="com.sdet.SauceDemoTest" time="79.782" tests="3" errors="0" skipped="0" failures="0">
  <properties>
[...]
</properties>
  <testcase name="testAddItemToCart" classname="com.sdet.SauceDemoTest" time="43.356"/>
  <testcase name="testLogout" classname="com.sdet.SauceDemoTest" time="20.886"/>
  <testcase name="testLoginAndVerifyProductsPage" classname="com.sdet.SauceDemoTest" time="15.286"/>
</testsuite>